2025-10-05 21:15:36, MOVE, v:1, k:toalha, mode:PICK
2025-10-05 21:15:38, EXEC, v:1, k:toalha, mode:LOCK, rate:0, size:51
2025-10-05 21:15:45, EXEC, v:1, k:toalha, mode:LOCK, rate:0
2025-10-05 21:16:02, EXEC, v:1, k:toalha, mode:LOCK, rate:0
2025-10-05 21:16:29, MOVE, v:1, k:enxugar, mode:PICK
2025-10-05 21:16:31, EXEC, v:1, k:enxugar, mode:FULL, rate:0
2025-10-05 21:33:08, EXEC, v:1, k:enxugar, mode:FULL, rate:0, size:52
2025-10-05 21:35:58, EXEC, v:1, k:enxugar, mode:FULL, rate:10, size:52
2025-10-05 21:36:48, EXEC, v:1, k:enxugar, mode:FULL, rate:10
2025-10-05 21:42:50, EXEC, v:1, k:enxugar, mode:FULL, rate:40, size:54
2025-10-05 21:43:16, EXEC, v:1, k:enxugar, mode:FULL, rate:50, size:54
2025-10-05 21:45:04, EXEC, v:1, k:enxugar, mode:FULL, rate:90, size:54
2025-10-05 21:47:27, EXEC, v:1, k:enxugar, mode:FULL, rate:90, size:56
2025-10-05 21:51:32, EXEC, v:1, k:enxugar, mode:FULL, rate:100, size:56
2025-10-05 22:26:22, MOVE, v:1, k:toalha, mode:PICK
2025-10-05 22:30:32, EXEC, v:1, k:toalha, mode:LOCK, rate:0
2025-10-05 22:32:35, MOVE, v:1, k:toalha, mode:BACK
2025-10-05 22:32:36, MOVE, v:1, k:toalha, mode:PICK
2025-10-05 22:32:37, EXEC, v:1, k:toalha, mode:LOCK, rate:0
2025-10-05 22:37:14, MOVE, v:1, k:enxugar, mode:PICK
2025-10-05 22:37:16, EXEC, v:1, k:enxugar, mode:FULL, rate:50, size:56
2025-10-05 22:38:11, EXEC, v:1, k:enxugar, mode:FULL, rate:50
2025-10-05 22:40:06, MOVE, v:1, k:enxugar, mode:PICK
2025-10-05 22:40:08, EXEC, v:1, k:enxugar, mode:FULL, rate:50
2025-10-05 22:40:19, EXEC, v:1, k:enxugar, mode:FULL, rate:50, size:57
2025-10-05 22:42:14, EXEC, v:1, k:enxugar, mode:FULL, rate:100, size:57
